<?xml version="1.0" encoding="UTF-8"?>
<testsuite name="rspec" tests="14" skipped="0" failures="0" errors="0" time="151.211796" timestamp="2022-11-03T17:28:45+00:00" hostname="jenkins-agent-portal4-int.qa-pod-us-east-1.immunet.com">
<properties>
<property name="seed" value="7195"/>
</properties>
<testcase classname="tools.production_smoke_test.portal_smoke_test_spec" name="Production Smoke Tests creates a windows policy with default setting and group" file="./tools/production_smoke_test/portal_smoke_test_spec.rb" time="47.641939">
<failure message="RSpec::Core::MultipleExceptionError" type="RSpec::Core::MultipleExceptionError"> </failure>
</testcase>
<testcase classname="tools.production_smoke_test.portal_smoke_test_spec" name="Production Smoke Tests downloads connector, register and send events" file="./tools/production_smoke_test/portal_smoke_test_spec.rb" time="0.327942">
<failure message="RSpec::Core::MultipleExceptionError" type="RSpec::Core::MultipleExceptionError"> </failure>
</testcase>
<testcase classname="tools.production_smoke_test.portal_smoke_test_spec" name="Production Smoke Tests on Dashboard Events page verifies number of events in event page by using group name" file="./tools/production_smoke_test/portal_smoke_test_spec.rb" time="1.260609">
<failure message="RSpec::Core::MultipleExceptionError" type="RSpec::Core::MultipleExceptionError"> </failure>
</testcase>
<testcase classname="tools.production_smoke_test.portal_smoke_test_spec" name="Production Smoke Tests on Dashboard Events page Scan Start is showed in events list for selected group" file="./tools/production_smoke_test/portal_smoke_test_spec.rb" time="0.018698">
<failure message="RSpec::Core::MultipleExceptionError" type="RSpec::Core::MultipleExceptionError"> </failure>
</testcase>
<testcase classname="tools.production_smoke_test.portal_smoke_test_spec" name="Production Smoke Tests on Dashboard Events page Scan Completed is showed in events list for selected group" file="./tools/production_smoke_test/portal_smoke_test_spec.rb" time="0.013899">
<failure message="RSpec::Core::MultipleExceptionError" type="RSpec::Core::MultipleExceptionError"> </failure>
</testcase>
<testcase classname="tools.production_smoke_test.portal_smoke_test_spec" name="Production Smoke Tests on Dashboard Events page Threat Detected is showed in events list for selected group" file="./tools/production_smoke_test/portal_smoke_test_spec.rb" time="0.015512">
<failure message="RSpec::Core::MultipleExceptionError" type="RSpec::Core::MultipleExceptionError"> </failure>
</testcase>
<testcase classname="tools.production_smoke_test.portal_smoke_test_spec" name="Production Smoke Tests on Dashboard, Overview page verfies number of Threates Detected in bragbar, overview page" file="./tools/production_smoke_test/portal_smoke_test_spec.rb" time="0.000013">
<failure message="unexpected alert open: {Alert text : } (Session info: headless chrome=103.0.5060.134)" type="Selenium::WebDriver::Error::UnexpectedAlertOpenError">Failure/Error: overview = DashboardOverviewPage.to_here Selenium::WebDriver::Error::UnexpectedAlertOpenError: unexpected alert open: {Alert text : } (Session info: headless chrome=103.0.5060.134) #0 0x55d034244cd3 <unknown> #1 0x55d03404c968 <unknown> #2 0x55d0340b4c4f <unknown> #3 0x55d0340a1aa3 <unknown> #4 0x55d0340773fa <unknown> #5 0x55d034078555 <unknown> #6 0x55d03428c2bd <unknown> #7 0x55d034290418 <unknown> #8 0x55d03427636e <unknown> #9 0x55d034291078 <unknown> #10 0x55d03426abb0 <unknown> #11 0x55d0342add58 <unknown> #12 0x55d0342aded8 <unknown> #13 0x55d0342c7cfd <unknown> #14 0x7f13f0712ea5 <unknown> ./pages/dashboard/NavTabs.rb:5:in `block in nav_tabs' ./pages/dashboard/NavTabs.rb:5:in `nav_tabs' ./pages/dashboard/NavTabs.rb:13:in `tabs' ./pages/dashboard/NavTabs.rb:46:in `click_tab_by_name_or_route' ./pages/dashboard/NavTabs.rb:32:in `click_overview_tab' ./pages/router.rb:33:in `public_send' ./pages/router.rb:33:in `block in go' ./pages/router.rb:14:in `each' ./pages/router.rb:14:in `go' ./pages/dashboard/overview/dashboard_overview_page.rb:25:in `to_here' ./tools/production_smoke_test/portal_smoke_test_spec.rb:202:in `block (3 levels) in <top (required)>'</failure>
</testcase>
<testcase classname="tools.production_smoke_test.portal_smoke_test_spec" name="Production Smoke Tests on Dashboard, Overview page verfies number of Network Threats in bragbar, overview page" file="./tools/production_smoke_test/portal_smoke_test_spec.rb" time="0.000005">
<failure message="unexpected alert open: {Alert text : } (Session info: headless chrome=103.0.5060.134)" type="Selenium::WebDriver::Error::UnexpectedAlertOpenError">Failure/Error: overview = DashboardOverviewPage.to_here Selenium::WebDriver::Error::UnexpectedAlertOpenError: unexpected alert open: {Alert text : } (Session info: headless chrome=103.0.5060.134) #0 0x55d034244cd3 <unknown> #1 0x55d03404c968 <unknown> #2 0x55d0340b4c4f <unknown> #3 0x55d0340a1aa3 <unknown> #4 0x55d0340773fa <unknown> #5 0x55d034078555 <unknown> #6 0x55d03428c2bd <unknown> #7 0x55d034290418 <unknown> #8 0x55d03427636e <unknown> #9 0x55d034291078 <unknown> #10 0x55d03426abb0 <unknown> #11 0x55d0342add58 <unknown> #12 0x55d0342aded8 <unknown> #13 0x55d0342c7cfd <unknown> #14 0x7f13f0712ea5 <unknown> ./pages/dashboard/NavTabs.rb:5:in `block in nav_tabs' ./pages/dashboard/NavTabs.rb:5:in `nav_tabs' ./pages/dashboard/NavTabs.rb:13:in `tabs' ./pages/dashboard/NavTabs.rb:46:in `click_tab_by_name_or_route' ./pages/dashboard/NavTabs.rb:32:in `click_overview_tab' ./pages/router.rb:33:in `public_send' ./pages/router.rb:33:in `block in go' ./pages/router.rb:14:in `each' ./pages/router.rb:14:in `go' ./pages/dashboard/overview/dashboard_overview_page.rb:25:in `to_here' ./tools/production_smoke_test/portal_smoke_test_spec.rb:202:in `block (3 levels) in <top (required)>'</failure>
</testcase>
<testcase classname="tools.production_smoke_test.portal_smoke_test_spec" name="Production Smoke Tests on Dashboard, Overview page verfies number of Quarantines in bragbar, overview page" file="./tools/production_smoke_test/portal_smoke_test_spec.rb" time="0.000002">
<failure message="unexpected alert open: {Alert text : } (Session info: headless chrome=103.0.5060.134)" type="Selenium::WebDriver::Error::UnexpectedAlertOpenError">Failure/Error: overview = DashboardOverviewPage.to_here Selenium::WebDriver::Error::UnexpectedAlertOpenError: unexpected alert open: {Alert text : } (Session info: headless chrome=103.0.5060.134) #0 0x55d034244cd3 <unknown> #1 0x55d03404c968 <unknown> #2 0x55d0340b4c4f <unknown> #3 0x55d0340a1aa3 <unknown> #4 0x55d0340773fa <unknown> #5 0x55d034078555 <unknown> #6 0x55d03428c2bd <unknown> #7 0x55d034290418 <unknown> #8 0x55d03427636e <unknown> #9 0x55d034291078 <unknown> #10 0x55d03426abb0 <unknown> #11 0x55d0342add58 <unknown> #12 0x55d0342aded8 <unknown> #13 0x55d0342c7cfd <unknown> #14 0x7f13f0712ea5 <unknown> ./pages/dashboard/NavTabs.rb:5:in `block in nav_tabs' ./pages/dashboard/NavTabs.rb:5:in `nav_tabs' ./pages/dashboard/NavTabs.rb:13:in `tabs' ./pages/dashboard/NavTabs.rb:46:in `click_tab_by_name_or_route' ./pages/dashboard/NavTabs.rb:32:in `click_overview_tab' ./pages/router.rb:33:in `public_send' ./pages/router.rb:33:in `block in go' ./pages/router.rb:14:in `each' ./pages/router.rb:14:in `go' ./pages/dashboard/overview/dashboard_overview_page.rb:25:in `to_here' ./tools/production_smoke_test/portal_smoke_test_spec.rb:202:in `block (3 levels) in <top (required)>'</failure>
</testcase>
<testcase classname="tools.production_smoke_test.portal_smoke_test_spec" name="Production Smoke Tests on Dashboard, Overview page verfies number of Compromises in bragbar, overview page" file="./tools/production_smoke_test/portal_smoke_test_spec.rb" time="0.000002">
<failure message="unexpected alert open: {Alert text : } (Session info: headless chrome=103.0.5060.134)" type="Selenium::WebDriver::Error::UnexpectedAlertOpenError">Failure/Error: overview = DashboardOverviewPage.to_here Selenium::WebDriver::Error::UnexpectedAlertOpenError: unexpected alert open: {Alert text : } (Session info: headless chrome=103.0.5060.134) #0 0x55d034244cd3 <unknown> #1 0x55d03404c968 <unknown> #2 0x55d0340b4c4f <unknown> #3 0x55d0340a1aa3 <unknown> #4 0x55d0340773fa <unknown> #5 0x55d034078555 <unknown> #6 0x55d03428c2bd <unknown> #7 0x55d034290418 <unknown> #8 0x55d03427636e <unknown> #9 0x55d034291078 <unknown> #10 0x55d03426abb0 <unknown> #11 0x55d0342add58 <unknown> #12 0x55d0342aded8 <unknown> #13 0x55d0342c7cfd <unknown> #14 0x7f13f0712ea5 <unknown> ./pages/dashboard/NavTabs.rb:5:in `block in nav_tabs' ./pages/dashboard/NavTabs.rb:5:in `nav_tabs' ./pages/dashboard/NavTabs.rb:13:in `tabs' ./pages/dashboard/NavTabs.rb:46:in `click_tab_by_name_or_route' ./pages/dashboard/NavTabs.rb:32:in `click_overview_tab' ./pages/router.rb:33:in `public_send' ./pages/router.rb:33:in `block in go' ./pages/router.rb:14:in `each' ./pages/router.rb:14:in `go' ./pages/dashboard/overview/dashboard_overview_page.rb:25:in `to_here' ./tools/production_smoke_test/portal_smoke_test_spec.rb:202:in `block (3 levels) in <top (required)>'</failure>
</testcase>
<testcase classname="tools.production_smoke_test.portal_smoke_test_spec" name="Production Smoke Tests on Dashboard, Overview page verfies number of Exploits Prevented in bragbar, overview page" file="./tools/production_smoke_test/portal_smoke_test_spec.rb" time="0.000002">
<failure message="unexpected alert open: {Alert text : } (Session info: headless chrome=103.0.5060.134)" type="Selenium::WebDriver::Error::UnexpectedAlertOpenError">Failure/Error: overview = DashboardOverviewPage.to_here Selenium::WebDriver::Error::UnexpectedAlertOpenError: unexpected alert open: {Alert text : } (Session info: headless chrome=103.0.5060.134) #0 0x55d034244cd3 <unknown> #1 0x55d03404c968 <unknown> #2 0x55d0340b4c4f <unknown> #3 0x55d0340a1aa3 <unknown> #4 0x55d0340773fa <unknown> #5 0x55d034078555 <unknown> #6 0x55d03428c2bd <unknown> #7 0x55d034290418 <unknown> #8 0x55d03427636e <unknown> #9 0x55d034291078 <unknown> #10 0x55d03426abb0 <unknown> #11 0x55d0342add58 <unknown> #12 0x55d0342aded8 <unknown> #13 0x55d0342c7cfd <unknown> #14 0x7f13f0712ea5 <unknown> ./pages/dashboard/NavTabs.rb:5:in `block in nav_tabs' ./pages/dashboard/NavTabs.rb:5:in `nav_tabs' ./pages/dashboard/NavTabs.rb:13:in `tabs' ./pages/dashboard/NavTabs.rb:46:in `click_tab_by_name_or_route' ./pages/dashboard/NavTabs.rb:32:in `click_overview_tab' ./pages/router.rb:33:in `public_send' ./pages/router.rb:33:in `block in go' ./pages/router.rb:14:in `each' ./pages/router.rb:14:in `go' ./pages/dashboard/overview/dashboard_overview_page.rb:25:in `to_here' ./tools/production_smoke_test/portal_smoke_test_spec.rb:202:in `block (3 levels) in <top (required)>'</failure>
</testcase>
<testcase classname="tools.production_smoke_test.portal_smoke_test_spec" name="Production Smoke Tests on Dashboard, Overview page verfies number of Retrospective Events in bragbar, overview page" file="./tools/production_smoke_test/portal_smoke_test_spec.rb" time="0.000002">
<failure message="unexpected alert open: {Alert text : } (Session info: headless chrome=103.0.5060.134)" type="Selenium::WebDriver::Error::UnexpectedAlertOpenError">Failure/Error: overview = DashboardOverviewPage.to_here Selenium::WebDriver::Error::UnexpectedAlertOpenError: unexpected alert open: {Alert text : } (Session info: headless chrome=103.0.5060.134) #0 0x55d034244cd3 <unknown> #1 0x55d03404c968 <unknown> #2 0x55d0340b4c4f <unknown> #3 0x55d0340a1aa3 <unknown> #4 0x55d0340773fa <unknown> #5 0x55d034078555 <unknown> #6 0x55d03428c2bd <unknown> #7 0x55d034290418 <unknown> #8 0x55d03427636e <unknown> #9 0x55d034291078 <unknown> #10 0x55d03426abb0 <unknown> #11 0x55d0342add58 <unknown> #12 0x55d0342aded8 <unknown> #13 0x55d0342c7cfd <unknown> #14 0x7f13f0712ea5 <unknown> ./pages/dashboard/NavTabs.rb:5:in `block in nav_tabs' ./pages/dashboard/NavTabs.rb:5:in `nav_tabs' ./pages/dashboard/NavTabs.rb:13:in `tabs' ./pages/dashboard/NavTabs.rb:46:in `click_tab_by_name_or_route' ./pages/dashboard/NavTabs.rb:32:in `click_overview_tab' ./pages/router.rb:33:in `public_send' ./pages/router.rb:33:in `block in go' ./pages/router.rb:14:in `each' ./pages/router.rb:14:in `go' ./pages/dashboard/overview/dashboard_overview_page.rb:25:in `to_here' ./tools/production_smoke_test/portal_smoke_test_spec.rb:202:in `block (3 levels) in <top (required)>'</failure>
</testcase>
<testcase classname="tools.production_smoke_test.portal_smoke_test_spec" name="Production Smoke Tests on Dashboard, Overview page verfies number of Connectors Deployed in bragbar, overview page" file="./tools/production_smoke_test/portal_smoke_test_spec.rb" time="0.000002">
<failure message="unexpected alert open: {Alert text : } (Session info: headless chrome=103.0.5060.134)" type="Selenium::WebDriver::Error::UnexpectedAlertOpenError">Failure/Error: overview = DashboardOverviewPage.to_here Selenium::WebDriver::Error::UnexpectedAlertOpenError: unexpected alert open: {Alert text : } (Session info: headless chrome=103.0.5060.134) #0 0x55d034244cd3 <unknown> #1 0x55d03404c968 <unknown> #2 0x55d0340b4c4f <unknown> #3 0x55d0340a1aa3 <unknown> #4 0x55d0340773fa <unknown> #5 0x55d034078555 <unknown> #6 0x55d03428c2bd <unknown> #7 0x55d034290418 <unknown> #8 0x55d03427636e <unknown> #9 0x55d034291078 <unknown> #10 0x55d03426abb0 <unknown> #11 0x55d0342add58 <unknown> #12 0x55d0342aded8 <unknown> #13 0x55d0342c7cfd <unknown> #14 0x7f13f0712ea5 <unknown> ./pages/dashboard/NavTabs.rb:5:in `block in nav_tabs' ./pages/dashboard/NavTabs.rb:5:in `nav_tabs' ./pages/dashboard/NavTabs.rb:13:in `tabs' ./pages/dashboard/NavTabs.rb:46:in `click_tab_by_name_or_route' ./pages/dashboard/NavTabs.rb:32:in `click_overview_tab' ./pages/router.rb:33:in `public_send' ./pages/router.rb:33:in `block in go' ./pages/router.rb:14:in `each' ./pages/router.rb:14:in `go' ./pages/dashboard/overview/dashboard_overview_page.rb:25:in `to_here' ./tools/production_smoke_test/portal_smoke_test_spec.rb:202:in `block (3 levels) in <top (required)>'</failure>
</testcase>
<testcase classname="tools.production_smoke_test.portal_smoke_test_spec" name="Production Smoke Tests File Trajectory verifies the FT shows data for the file" file="./tools/production_smoke_test/portal_smoke_test_spec.rb" time="1.148819">
<failure message="RSpec::Core::MultipleExceptionError" type="RSpec::Core::MultipleExceptionError"> </failure>
</testcase>
<testcase classname="tools.production_smoke_test.portal_smoke_test_spec" name="Production Smoke Tests Device Trajectory searches computer guid, and verifies DT page" file="./tools/production_smoke_test/portal_smoke_test_spec.rb" time="1.173591">
<failure message="RSpec::Core::MultipleExceptionError" type="RSpec::Core::MultipleExceptionError"> </failure>
</testcase>
<testcase classname="tools.production_smoke_test.portal_smoke_test_spec" name="Production Smoke Tests computer page searches computer page and verfies the computer shows" file="./tools/production_smoke_test/portal_smoke_test_spec.rb" time="2.173492">
<failure message="RSpec::Core::MultipleExceptionError" type="RSpec::Core::MultipleExceptionError"> </failure>
</testcase>
<testcase classname="tools.production_smoke_test.portal_smoke_test_spec" name="Production Smoke Tests pagination in Events and Computers page verifies pagination on computers page" file="./tools/production_smoke_test/portal_smoke_test_spec.rb" time="0.000014">
<failure message="unexpected alert open: {Alert text : } (Session info: headless chrome=103.0.5060.134)" type="Selenium::WebDriver::Error::UnexpectedAlertOpenError">Failure/Error: mid_result = yield Selenium::WebDriver::Error::UnexpectedAlertOpenError: unexpected alert open: {Alert text : } (Session info: headless chrome=103.0.5060.134) #0 0x55d034244cd3 <unknown> #1 0x55d03404c968 <unknown> #2 0x55d0340b4c4f <unknown> #3 0x55d0340a1aa3 <unknown> #4 0x55d0340773fa <unknown> #5 0x55d034078555 <unknown> #6 0x55d03428c2bd <unknown> #7 0x55d034290418 <unknown> #8 0x55d03427636e <unknown> #9 0x55d034291078 <unknown> #10 0x55d03426abb0 <unknown> #11 0x55d0342add58 <unknown> #12 0x55d0342aded8 <unknown> #13 0x55d0342c7cfd <unknown> #14 0x7f13f0712ea5 <unknown> ./pages/common/spinners.rb:27:in `get_spinner_list' ./pages/common/spinners.rb:45:in `any_spinners_displayed?' ./pages/common/spinners.rb:86:in `block in wait_all_spinners_to_disappear' ./lib/common/waitable.rb:31:in `block in wait' ./lib/common/waitable.rb:30:in `wait' ./pages/common/spinners.rb:86:in `wait_all_spinners_to_disappear' ./lib/amp_node.rb:516:in `on_page!' ./pages/router.rb:27:in `block in go' ./pages/router.rb:14:in `each' ./pages/router.rb:14:in `go' ./pages/accounts_menu/demo_data_page.rb:107:in `to_here' ./tools/production_smoke_test/portal_smoke_test_spec.rb:291:in `block (3 levels) in <top (required)>'</failure>
</testcase>
<testcase classname="tools.production_smoke_test.portal_smoke_test_spec" name="Production Smoke Tests pagination in Events and Computers page verifies pagination on events page" file="./tools/production_smoke_test/portal_smoke_test_spec.rb" time="0.000003">
<failure message="unexpected alert open: {Alert text : } (Session info: headless chrome=103.0.5060.134)" type="Selenium::WebDriver::Error::UnexpectedAlertOpenError">Failure/Error: mid_result = yield Selenium::WebDriver::Error::UnexpectedAlertOpenError: unexpected alert open: {Alert text : } (Session info: headless chrome=103.0.5060.134) #0 0x55d034244cd3 <unknown> #1 0x55d03404c968 <unknown> #2 0x55d0340b4c4f <unknown> #3 0x55d0340a1aa3 <unknown> #4 0x55d0340773fa <unknown> #5 0x55d034078555 <unknown> #6 0x55d03428c2bd <unknown> #7 0x55d034290418 <unknown> #8 0x55d03427636e <unknown> #9 0x55d034291078 <unknown> #10 0x55d03426abb0 <unknown> #11 0x55d0342add58 <unknown> #12 0x55d0342aded8 <unknown> #13 0x55d0342c7cfd <unknown> #14 0x7f13f0712ea5 <unknown> ./pages/common/spinners.rb:27:in `get_spinner_list' ./pages/common/spinners.rb:45:in `any_spinners_displayed?' ./pages/common/spinners.rb:86:in `block in wait_all_spinners_to_disappear' ./lib/common/waitable.rb:31:in `block in wait' ./lib/common/waitable.rb:30:in `wait' ./pages/common/spinners.rb:86:in `wait_all_spinners_to_disappear' ./lib/amp_node.rb:516:in `on_page!' ./pages/router.rb:27:in `block in go' ./pages/router.rb:14:in `each' ./pages/router.rb:14:in `go' ./pages/accounts_menu/demo_data_page.rb:107:in `to_here' ./tools/production_smoke_test/portal_smoke_test_spec.rb:291:in `block (3 levels) in <top (required)>'</failure>
</testcase>
<testcase classname="tools.production_smoke_test.portal_smoke_test_spec" name="Production Smoke Tests testing some public API gets list of computers" file="./tools/production_smoke_test/portal_smoke_test_spec.rb" time="0.231462"/>
<testcase classname="tools.production_smoke_test.portal_smoke_test_spec" name="Production Smoke Tests testing some public API gets list of policies" file="./tools/production_smoke_test/portal_smoke_test_spec.rb" time="0.744715"/>
<testcase classname="tools.production_smoke_test.portal_smoke_test_spec" name="Production Smoke Tests testing some public API gets list of groups" file="./tools/production_smoke_test/portal_smoke_test_spec.rb" time="0.117745"/>
<testcase classname="tools.production_smoke_test.portal_smoke_test_spec" name="Production Smoke Tests testing some public API gets list of events" file="./tools/production_smoke_test/portal_smoke_test_spec.rb" time="0.912384"/>
</testsuite>